<?xml version="1.0" encoding="UTF-8" ?>
<testsuite errors="0" failures="0" hostname="LAPTOP-NCAFVVED" name="disasterresponsesystem.IncidentTest" skipped="0" tests="7" time="0.139" timestamp="2025-06-15T10:31:48">
  <properties>
[...]
</properties>
  <testcase classname="disasterresponsesystem.IncidentTest" name="testGetDepartment" time="0.013" />
  <testcase classname="disasterresponsesystem.IncidentTest" name="testGetSeverity" time="0.0" />
  <testcase classname="disasterresponsesystem.IncidentTest" name="testGetLocation" time="0.0" />
  <testcase classname="disasterresponsesystem.IncidentTest" name="testGetType" time="0.0" />
  <testcase classname="disasterresponsesystem.IncidentTest" name="testGetTimestamp" time="0.001" />
  <testcase classname="disasterresponsesystem.IncidentTest" name="testSetStatus" time="0.0" />
  <testcase classname="disasterresponsesystem.IncidentTest" name="testGetStatus" time="0.0" />
  <system-out><![CDATA[]]></system-out>
  <system-err><![CDATA[]]></system-err>
</testsuite>
